{
  "stats": {
    "suites": 0,
    "tests": 1,
    "passes": 0,
    "pending": 0,
    "failures": 1,
    "start": "2026-03-11T07:01:24.503Z",
    "end": "2026-03-11T07:01:24.694Z",
    "duration": 191,
    "testsRegistered": 1,
    "passPercent": 0,
    "pendingPercent": 0,
    "other": 0,
    "hasOther": false,
    "skipped": 0,
    "hasSkipped": false
  },
  "results": [
    {
      "uuid": "7bca8dd4-98a7-44f7-a69a-ba6a1b856502",
      "title": "",
      "fullFile": "cypress/e2e/timetable-optimization.cy.ts",
      "file": "cypress/e2e/timetable-optimization.cy.ts",
      "beforeHooks": [],
      "afterHooks": [],
      "tests": [
        {
          "title": "An uncaught error was detected outside of a test",
          "fullTitle": "An uncaught error was detected outside of a test",
          "timedOut": null,
          "duration": 175,
          "state": "failed",
          "speed": null,
          "pass": false,
          "fail": true,
          "pending": false,
          "context": null,
          "code": "throw err;",
          "err": {
            "message": "Error: The following error originated from your test code, not from Cypress.\n\n  > Module build failed (from ../../../../Library/Caches/Cypress/15.11.0/Cypress.app/Contents/Resources/app/packages/server/node_modules/ts-loader/index.js):\nError: Debug Failure. Output generation failed\n    at transpileWorker (/Users/hemanthreddy/Desktop/Automated_TT_Generator/Automated-Timetable-Scheduling-and-Faculty-Workload-Optimization-System/frontend-admin/node_modules/typescript/lib/typescript.js:144512:43)\n    at Object.transpileModule (/Users/hemanthreddy/Desktop/Automated_TT_Generator/Automated-Timetable-Scheduling-and-Faculty-Workload-Optimization-System/frontend-admin/node_modules/typescript/lib/typescript.js:144367:10)\n    at getTranspilationEmit (/Users/hemanthreddy/Library/Caches/Cypress/15.11.0/Cypress.app/Contents/Resources/app/packages/server/node_modules/ts-loader/dist/index.js:418:74)\n    at successLoader (/Users/hemanthreddy/Library/Caches/Cypress/15.11.0/Cypress.app/Contents/Resources/app/packages/server/node_modules/ts-loader/dist/index.js:38:11)\n    at Object.loader (/Users/hemanthreddy/Library/Caches/Cypress/15.11.0/Cypress.app/Contents/Resources/app/packages/server/node_modules/ts-loader/dist/index.js:23:5)\n\nWhen Cypress detects uncaught errors originating from your test code it will automatically fail the current test.\n\nCypress could not associate this error to any specific test.\n\nWe dynamically generated a new test to display this failure.",
            "estack": "Error: The following error originated from your test code, not from Cypress.\n\n  > Module build failed (from ../../../../Library/Caches/Cypress/15.11.0/Cypress.app/Contents/Resources/app/packages/server/node_modules/ts-loader/index.js):\nError: Debug Failure. Output generation failed\n    at transpileWorker (/Users/hemanthreddy/Desktop/Automated_TT_Generator/Automated-Timetable-Scheduling-and-Faculty-Workload-Optimization-System/frontend-admin/node_modules/typescript/lib/typescript.js:144512:43)\n    at Object.transpileModule (/Users/hemanthreddy/Desktop/Automated_TT_Generator/Automated-Timetable-Scheduling-and-Faculty-Workload-Optimization-System/frontend-admin/node_modules/typescript/lib/typescript.js:144367:10)\n    at getTranspilationEmit (/Users/hemanthreddy/Library/Caches/Cypress/15.11.0/Cypress.app/Contents/Resources/app/packages/server/node_modules/ts-loader/dist/index.js:418:74)\n    at successLoader (/Users/hemanthreddy/Library/Caches/Cypress/15.11.0/Cypress.app/Contents/Resources/app/packages/server/node_modules/ts-loader/dist/index.js:38:11)\n    at Object.loader (/Users/hemanthreddy/Library/Caches/Cypress/15.11.0/Cypress.app/Contents/Resources/app/packages/server/node_modules/ts-loader/dist/index.js:23:5)\n\nWhen Cypress detects uncaught errors originating from your test code it will automatically fail the current test.\n\nCypress could not associate this error to any specific test.\n\nWe dynamically generated a new test to display this failure.\n    at ./cypress/support/index.d.ts (http://localhost:5173/__cypress/tests?p=cypress/support/e2e.ts:78:7)\n    at __webpack_require__ (webpack://vite_react_shadcn_ts/webpack/bootstrap:19:0)\n    at eval (webpack://vite_react_shadcn_ts/./cypress/support/e2e.ts:18:0)\n    at eval (http://localhost:5173/__cypress/tests?p=cypress/support/e2e.ts:2919:3)\n    at eval (http://localhost:5173/__cypress/tests?p=cypress/support/e2e.ts:2921:12)\n    at eval (<anonymous>)\n    at <unknown> (http://localhost:5173/__cypress/runner/cypress_runner.js:114035:23)\n    at tryCatcher (http://localhost:5173/__cypress/runner/cypress_runner.js:1777:23)\n    at Object.gotValue (http://localhost:5173/__cypress/runner/cypress_runner.js:6446:18)\n    at Object.gotAccum (http://localhost:5173/__cypress/runner/cypress_runner.js:6435:25)",
            "diff": null
          },
          "uuid": "779c51c0-536b-4edf-b188-affc4065d013",
          "parentUUID": "7bca8dd4-98a7-44f7-a69a-ba6a1b856502",
          "isHook": false,
          "skipped": false
        }
      ],
      "suites": [],
      "passes": [],
      "failures": [
        "779c51c0-536b-4edf-b188-affc4065d013"
      ],
      "pending": [],
      "skipped": [],
      "duration": 175,
      "root": true,
      "rootEmpty": false,
      "_timeout": 2000
    }
  ],
  "meta": {
    "mocha": {
      "version": "7.2.0"
    },
    "mochawesome": {
      "options": {
        "quiet": false,
        "reportFilename": "mochawesome",
        "saveHtml": false,
        "saveJson": true,
        "consoleReporter": "spec",
        "useInlineDiffs": false,
        "code": true
      },
      "version": "7.1.4"
    },
    "marge": {
      "options": {
        "reportDir": "cypress/reports/.jsons",
        "charts": true,
        "reportPageTitle": "E2E Test Report",
        "embeddedScreenshots": true,
        "inlineAssets": true,
        "overwrite": false,
        "html": false,
        "json": true
      },
      "version": "6.3.2"
    }
  }
}